TN:
SF:Piezas\caballo.js
FN:1,caballo
FNF:1
FNH:1
FNDA:6,caballo
DA:2,6
DA:3,1
DA:4,5
DA:5,1
DA:6,4
DA:7,1
DA:8,3
DA:9,1
DA:10,2
DA:11,1
DA:12,1
DA:15,1
LF:12
LH:12
BRDA:2,0,0,1
BRDA:2,0,1,5
BRDA:4,1,0,1
BRDA:4,1,1,4
BRDA:4,2,0,5
BRDA:4,2,1,1
BRDA:4,2,2,4
BRDA:4,2,3,1
BRDA:6,3,0,1
BRDA:6,3,1,3
BRDA:6,4,0,4
BRDA:6,4,1,1
BRDA:6,4,2,3
BRDA:6,4,3,1
BRDA:8,5,0,1
BRDA:8,5,1,2
BRDA:8,6,0,3
BRDA:8,6,1,1
BRDA:8,6,2,2
BRDA:8,6,3,0
BRDA:10,7,0,1
BRDA:10,7,1,1
BRDA:10,8,0,2
BRDA:10,8,1,1
BRDA:10,8,2,1
BRDA:10,8,3,0
BRF:26
BRH:24
end_of_record
TN:
SF:Tablero\matrizTablero.js
FNF:0
FNH:0
DA:4,1
DA:15,1
DA:26,1
DA:32,1
DA:44,1
DA:49,1
LF:6
LH:6
BRF:0
BRH:0
end_of_record
