TN:
SF:Piezas\caballo.js
FN:2,caballo
FNF:1
FNH:1
FNDA:6,caballo
DA:3,6
DA:4,1
DA:5,5
DA:6,1
DA:7,4
DA:8,1
DA:9,3
DA:10,1
DA:11,2
DA:12,1
DA:13,1
DA:16,1
LF:12
LH:12
BRDA:3,0,0,1
BRDA:3,0,1,5
BRDA:5,1,0,1
BRDA:5,1,1,4
BRDA:5,2,0,5
BRDA:5,2,1,1
BRDA:5,2,2,4
BRDA:5,2,3,1
BRDA:7,3,0,1
BRDA:7,3,1,3
BRDA:7,4,0,4
BRDA:7,4,1,1
BRDA:7,4,2,3
BRDA:7,4,3,1
BRDA:9,5,0,1
BRDA:9,5,1,2
BRDA:9,6,0,3
BRDA:9,6,1,1
BRDA:9,6,2,2
BRDA:9,6,3,0
BRDA:11,7,0,1
BRDA:11,7,1,1
BRDA:11,8,0,2
BRDA:11,8,1,1
BRDA:11,8,2,1
BRDA:11,8,3,0
BRF:26
BRH:24
end_of_record
TN:
SF:Tablero\matrizTablero.js
FNF:0
FNH:0
DA:4,1
DA:15,1
DA:26,1
DA:32,1
DA:44,1
DA:49,1
LF:6
LH:6
BRF:0
BRH:0
end_of_record
